{"/Users/yash/Desktop/iot-main 6/client/src/actions/devices.js": {"path":"/Users/yash/Desktop/iot-main 6/client/src/actions/devices.js","statementMap":{"0":{"start":{"line":4,"column":26},"end":{"line":12,"column":1}},"1":{"start":{"line":4,"column":37},"end":{"line":12,"column":1}},"2":{"start":{"line":5,"column":4},"end":{"line":5,"column":57}},"3":{"start":{"line":6,"column":4},"end":{"line":11,"column":5}},"4":{"start":{"line":7,"column":23},"end":{"line":7,"column":62}},"5":{"start":{"line":8,"column":8},"end":{"line":8,"column":51}},"6":{"start":{"line":10,"column":8},"end":{"line":10,"column":35}},"7":{"start":{"line":14,"column":28},"end":{"line":23,"column":1}},"8":{"start":{"line":14,"column":53},"end":{"line":23,"column":1}},"9":{"start":{"line":15,"column":4},"end":{"line":22,"column":5}},"10":{"start":{"line":16,"column":23},"end":{"line":16,"column":57}},"11":{"start":{"line":17,"column":8},"end":{"line":17,"column":48}},"12":{"start":{"line":18,"column":8},"end":{"line":18,"column":35}},"13":{"start":{"line":20,"column":8},"end":{"line":20,"column":50}},"14":{"start":{"line":21,"column":8},"end":{"line":21,"column":35}},"15":{"start":{"line":25,"column":28},"end":{"line":38,"column":1}},"16":{"start":{"line":25,"column":53},"end":{"line":38,"column":1}},"17":{"start":{"line":26,"column":4},"end":{"line":26,"column":28}},"18":{"start":{"line":28,"column":15},"end":{"line":28,"column":36}},"19":{"start":{"line":29,"column":4},"end":{"line":29,"column":47}},"20":{"start":{"line":30,"column":4},"end":{"line":37,"column":5}},"21":{"start":{"line":31,"column":6},"end":{"line":31,"column":33}},"22":{"start":{"line":32,"column":6},"end":{"line":32,"column":86}},"23":{"start":{"line":33,"column":6},"end":{"line":33,"column":60}},"24":{"start":{"line":34,"column":6},"end":{"line":34,"column":33}},"25":{"start":{"line":36,"column":8},"end":{"line":36,"column":35}},"26":{"start":{"line":40,"column":30},"end":{"line":47,"column":1}},"27":{"start":{"line":40,"column":55},"end":{"line":47,"column":1}},"28":{"start":{"line":41,"column":4},"end":{"line":46,"column":5}},"29":{"start":{"line":42,"column":8},"end":{"line":42,"column":64}},"30":{"start":{"line":43,"column":8},"end":{"line":43,"column":35}},"31":{"start":{"line":45,"column":8},"end":{"line":45,"column":35}}},"fnMap":{"0":{"name":"(anonymous_0)","decl":{"start":{"line":4,"column":26},"end":{"line":4,"column":27}},"loc":{"start":{"line":4,"column":37},"end":{"line":12,"column":1}},"line":4},"1":{"name":"(anonymous_1)","decl":{"start":{"line":4,"column":37},"end":{"line":4,"column":38}},"loc":{"start":{"line":4,"column":57},"end":{"line":12,"column":1}},"line":4},"2":{"name":"(anonymous_2)","decl":{"start":{"line":14,"column":28},"end":{"line":14,"column":29}},"loc":{"start":{"line":14,"column":53},"end":{"line":23,"column":1}},"line":14},"3":{"name":"(anonymous_3)","decl":{"start":{"line":14,"column":53},"end":{"line":14,"column":54}},"loc":{"start":{"line":14,"column":73},"end":{"line":23,"column":1}},"line":14},"4":{"name":"(anonymous_4)","decl":{"start":{"line":25,"column":28},"end":{"line":25,"column":29}},"loc":{"start":{"line":25,"column":53},"end":{"line":38,"column":1}},"line":25},"5":{"name":"(anonymous_5)","decl":{"start":{"line":25,"column":53},"end":{"line":25,"column":54}},"loc":{"start":{"line":25,"column":73},"end":{"line":38,"column":1}},"line":25},"6":{"name":"(anonymous_6)","decl":{"start":{"line":40,"column":30},"end":{"line":40,"column":31}},"loc":{"start":{"line":40,"column":55},"end":{"line":47,"column":1}},"line":40},"7":{"name":"(anonymous_7)","decl":{"start":{"line":40,"column":55},"end":{"line":40,"column":56}},"loc":{"start":{"line":40,"column":74},"end":{"line":47,"column":1}},"line":40}},"branchMap":{},"s":{"0":2,"1":0,"2":0,"3":0,"4":0,"5":0,"6":0,"7":2,"8":0,"9":0,"10":0,"11":0,"12":0,"13":0,"14":0,"15":2,"16":0,"17":0,"18":0,"19":0,"20":0,"21":0,"22":0,"23":0,"24":0,"25":0,"26":2,"27":0,"28":0,"29":0,"30":0,"31":0},"f":{"0":0,"1":0,"2":0,"3":0,"4":0,"5":0,"6":0,"7":0},"b":{},"_coverageSchema":"1a1c01bbd47fc00a2c39e90264f33305004495a9","hash":"3bfa6e9d447ce1a7d4e338189e7b54cc32664149"}
,"/Users/yash/Desktop/iot-main 6/client/src/api/index.js": {"path":"/Users/yash/Desktop/iot-main 6/client/src/api/index.js","statementMap":{"0":{"start":{"line":4,"column":12},"end":{"line":4,"column":60}},"1":{"start":{"line":6,"column":0},"end":{"line":11,"column":3}},"2":{"start":{"line":7,"column":4},"end":{"line":9,"column":5}},"3":{"start":{"line":8,"column":8},"end":{"line":8,"column":99}},"4":{"start":{"line":10,"column":4},"end":{"line":10,"column":15}},"5":{"start":{"line":14,"column":28},"end":{"line":14,"column":86}},"6":{"start":{"line":14,"column":39},"end":{"line":14,"column":86}},"7":{"start":{"line":15,"column":28},"end":{"line":15,"column":88}},"8":{"start":{"line":15,"column":43},"end":{"line":15,"column":88}},"9":{"start":{"line":16,"column":28},"end":{"line":16,"column":64}},"10":{"start":{"line":16,"column":36},"end":{"line":16,"column":64}},"11":{"start":{"line":18,"column":22},"end":{"line":18,"column":70}},"12":{"start":{"line":18,"column":36},"end":{"line":18,"column":70}},"13":{"start":{"line":19,"column":22},"end":{"line":19,"column":70}},"14":{"start":{"line":19,"column":36},"end":{"line":19,"column":70}},"15":{"start":{"line":20,"column":24},"end":{"line":20,"column":55}},"16":{"start":{"line":20,"column":30},"end":{"line":20,"column":55}},"17":{"start":{"line":21,"column":27},"end":{"line":21,"column":60}},"18":{"start":{"line":21,"column":35},"end":{"line":21,"column":60}}},"fnMap":{"0":{"name":"(anonymous_0)","decl":{"start":{"line":6,"column":29},"end":{"line":6,"column":30}},"loc":{"start":{"line":6,"column":38},"end":{"line":11,"column":1}},"line":6},"1":{"name":"(anonymous_1)","decl":{"start":{"line":14,"column":28},"end":{"line":14,"column":29}},"loc":{"start":{"line":14,"column":39},"end":{"line":14,"column":86}},"line":14},"2":{"name":"(anonymous_2)","decl":{"start":{"line":15,"column":28},"end":{"line":15,"column":29}},"loc":{"start":{"line":15,"column":43},"end":{"line":15,"column":88}},"line":15},"3":{"name":"(anonymous_3)","decl":{"start":{"line":16,"column":28},"end":{"line":16,"column":29}},"loc":{"start":{"line":16,"column":36},"end":{"line":16,"column":64}},"line":16},"4":{"name":"(anonymous_4)","decl":{"start":{"line":18,"column":22},"end":{"line":18,"column":23}},"loc":{"start":{"line":18,"column":36},"end":{"line":18,"column":70}},"line":18},"5":{"name":"(anonymous_5)","decl":{"start":{"line":19,"column":22},"end":{"line":19,"column":23}},"loc":{"start":{"line":19,"column":36},"end":{"line":19,"column":70}},"line":19},"6":{"name":"(anonymous_6)","decl":{"start":{"line":20,"column":24},"end":{"line":20,"column":25}},"loc":{"start":{"line":20,"column":30},"end":{"line":20,"column":55}},"line":20},"7":{"name":"(anonymous_7)","decl":{"start":{"line":21,"column":27},"end":{"line":21,"column":28}},"loc":{"start":{"line":21,"column":35},"end":{"line":21,"column":60}},"line":21}},"branchMap":{"0":{"loc":{"start":{"line":7,"column":4},"end":{"line":9,"column":5}},"type":"if","locations":[{"start":{"line":7,"column":4},"end":{"line":9,"column":5}},{"start":{"line":7,"column":4},"end":{"line":9,"column":5}}],"line":7}},"s":{"0":2,"1":2,"2":0,"3":0,"4":0,"5":2,"6":0,"7":2,"8":0,"9":2,"10":0,"11":2,"12":0,"13":2,"14":0,"15":2,"16":0,"17":2,"18":0},"f":{"0":0,"1":0,"2":0,"3":0,"4":0,"5":0,"6":0,"7":0},"b":{"0":[0,0]},"_coverageSchema":"1a1c01bbd47fc00a2c39e90264f33305004495a9","hash":"ffcbf077cf07ec4614eea72f142710c8ebc23e6b"}
,"/Users/yash/Desktop/iot-main 6/client/src/components/Auth/Input.js": {"path":"/Users/yash/Desktop/iot-main 6/client/src/components/Auth/Input.js","statementMap":{"0":{"start":{"line":7,"column":14},"end":{"line":29,"column":1}},"1":{"start":{"line":8,"column":2},"end":{"line":28,"column":9}}},"fnMap":{"0":{"name":"(anonymous_0)","decl":{"start":{"line":7,"column":14},"end":{"line":7,"column":15}},"loc":{"start":{"line":8,"column":2},"end":{"line":28,"column":9}},"line":8}},"branchMap":{"0":{"loc":{"start":{"line":8,"column":25},"end":{"line":8,"column":38}},"type":"cond-expr","locations":[{"start":{"line":8,"column":32},"end":{"line":8,"column":33}},{"start":{"line":8,"column":36},"end":{"line":8,"column":38}}],"line":8},"1":{"loc":{"start":{"line":18,"column":18},"end":{"line":26,"column":14}},"type":"cond-expr","locations":[{"start":{"line":18,"column":40},"end":{"line":26,"column":7}},{"start":{"line":26,"column":10},"end":{"line":26,"column":14}}],"line":18},"2":{"loc":{"start":{"line":22,"column":15},"end":{"line":22,"column":71}},"type":"cond-expr","locations":[{"start":{"line":22,"column":37},"end":{"line":22,"column":51}},{"start":{"line":22,"column":54},"end":{"line":22,"column":71}}],"line":22}},"s":{"0":1,"1":1},"f":{"0":1},"b":{"0":[0,1],"1":[0,1],"2":[0,0]},"_coverageSchema":"1a1c01bbd47fc00a2c39e90264f33305004495a9","hash":"bc00df861f3f156e50cb9801b295bee50ad32db2"}
,"/Users/yash/Desktop/iot-main 6/client/src/components/Auth/icon.js": {"path":"/Users/yash/Desktop/iot-main 6/client/src/components/Auth/icon.js","statementMap":{"0":{"start":{"line":3,"column":13},"end":{"line":10,"column":1}},"1":{"start":{"line":4,"column":2},"end":{"line":9,"column":8}}},"fnMap":{"0":{"name":"(anonymous_0)","decl":{"start":{"line":3,"column":13},"end":{"line":3,"column":14}},"loc":{"start":{"line":4,"column":2},"end":{"line":9,"column":8}},"line":4}},"branchMap":{},"s":{"0":1,"1":0},"f":{"0":0},"b":{},"_coverageSchema":"1a1c01bbd47fc00a2c39e90264f33305004495a9","hash":"ad9cba76f1bb126f7b7e1815f2a2e300a3f7ac2f"}
,"/Users/yash/Desktop/iot-main 6/client/src/components/Form/Form.js": {"path":"/Users/yash/Desktop/iot-main 6/client/src/components/Form/Form.js","statementMap":{"0":{"start":{"line":8,"column":21},"end":{"line":8,"column":62}},"1":{"start":{"line":10,"column":13},"end":{"line":53,"column":1}},"2":{"start":{"line":11,"column":40},"end":{"line":11,"column":83}},"3":{"start":{"line":12,"column":20},"end":{"line":12,"column":52}},"4":{"start":{"line":13,"column":20},"end":{"line":13,"column":53}},"5":{"start":{"line":14,"column":21},"end":{"line":14,"column":55}},"6":{"start":{"line":18,"column":25},"end":{"line":22,"column":5}},"7":{"start":{"line":19,"column":6},"end":{"line":19,"column":25}},"8":{"start":{"line":20,"column":6},"end":{"line":20,"column":50}},"9":{"start":{"line":21,"column":6},"end":{"line":21,"column":33}},"10":{"start":{"line":24,"column":25},"end":{"line":26,"column":5}},"11":{"start":{"line":25,"column":6},"end":{"line":25,"column":70}},"12":{"start":{"line":28,"column":19},"end":{"line":31,"column":5}},"13":{"start":{"line":29,"column":6},"end":{"line":29,"column":25}},"14":{"start":{"line":30,"column":6},"end":{"line":30,"column":33}},"15":{"start":{"line":33,"column":4},"end":{"line":52,"column":6}}},"fnMap":{"0":{"name":"(anonymous_0)","decl":{"start":{"line":10,"column":13},"end":{"line":10,"column":14}},"loc":{"start":{"line":10,"column":19},"end":{"line":53,"column":1}},"line":10},"1":{"name":"(anonymous_1)","decl":{"start":{"line":18,"column":25},"end":{"line":18,"column":26}},"loc":{"start":{"line":18,"column":32},"end":{"line":22,"column":5}},"line":18},"2":{"name":"(anonymous_2)","decl":{"start":{"line":24,"column":25},"end":{"line":24,"column":26}},"loc":{"start":{"line":24,"column":32},"end":{"line":26,"column":5}},"line":24},"3":{"name":"(anonymous_3)","decl":{"start":{"line":28,"column":19},"end":{"line":28,"column":20}},"loc":{"start":{"line":28,"column":26},"end":{"line":31,"column":5}},"line":28}},"branchMap":{},"s":{"0":1,"1":1,"2":3,"3":0,"4":0,"5":0,"6":0,"7":0,"8":0,"9":0,"10":0,"11":0,"12":0,"13":0,"14":0,"15":0},"f":{"0":3,"1":0,"2":0,"3":0},"b":{},"_coverageSchema":"1a1c01bbd47fc00a2c39e90264f33305004495a9","hash":"8e99a7e6b0f3f1d8c863e084e4accbc6b61f144a"}
,"/Users/yash/Desktop/iot-main 6/client/src/components/Form/styles.js": {"path":"/Users/yash/Desktop/iot-main 6/client/src/components/Form/styles.js","statementMap":{"0":{"start":{"line":4,"column":38},"end":{"line":26,"column":1}}},"fnMap":{"0":{"name":"(anonymous_0)","decl":{"start":{"line":4,"column":26},"end":{"line":4,"column":27}},"loc":{"start":{"line":4,"column":38},"end":{"line":26,"column":1}},"line":4}},"branchMap":{},"s":{"0":0},"f":{"0":0},"b":{},"_coverageSchema":"1a1c01bbd47fc00a2c39e90264f33305004495a9","hash":"f0a348ade603753ca8db8624d40ce75c97bb925c"}
,"/Users/yash/Desktop/iot-main 6/client/src/components/ViewDevice/ViewDevice.js": {"path":"/Users/yash/Desktop/iot-main 6/client/src/components/ViewDevice/ViewDevice.js","statementMap":{"0":{"start":{"line":10,"column":20},"end":{"line":103,"column":1}},"1":{"start":{"line":11,"column":18},"end":{"line":11,"column":51}},"2":{"start":{"line":12,"column":19},"end":{"line":12,"column":53}},"3":{"start":{"line":13,"column":18},"end":{"line":13,"column":50}},"4":{"start":{"line":14,"column":15},"end":{"line":14,"column":73}},"5":{"start":{"line":15,"column":15},"end":{"line":15,"column":79}},"6":{"start":{"line":16,"column":16},"end":{"line":16,"column":35}},"7":{"start":{"line":18,"column":23},"end":{"line":25,"column":3}},"8":{"start":{"line":19,"column":4},"end":{"line":19,"column":23}},"9":{"start":{"line":20,"column":4},"end":{"line":24,"column":5}},"10":{"start":{"line":21,"column":6},"end":{"line":21,"column":33}},"11":{"start":{"line":23,"column":6},"end":{"line":23,"column":28}},"12":{"start":{"line":28,"column":25},"end":{"line":30,"column":3}},"13":{"start":{"line":33,"column":20},"end":{"line":47,"column":3}},"14":{"start":{"line":34,"column":4},"end":{"line":42,"column":6}},"15":{"start":{"line":50,"column":21},"end":{"line":62,"column":3}},"16":{"start":{"line":51,"column":4},"end":{"line":59,"column":6}},"17":{"start":{"line":64,"column":2},"end":{"line":102,"column":4}},"18":{"start":{"line":96,"column":10},"end":{"line":96,"column":47}}},"fnMap":{"0":{"name":"(anonymous_0)","decl":{"start":{"line":10,"column":20},"end":{"line":10,"column":21}},"loc":{"start":{"line":10,"column":26},"end":{"line":103,"column":1}},"line":10},"1":{"name":"(anonymous_1)","decl":{"start":{"line":18,"column":23},"end":{"line":18,"column":24}},"loc":{"start":{"line":18,"column":30},"end":{"line":25,"column":3}},"line":18},"2":{"name":"(anonymous_2)","decl":{"start":{"line":28,"column":25},"end":{"line":28,"column":26}},"loc":{"start":{"line":28,"column":31},"end":{"line":30,"column":3}},"line":28},"3":{"name":"(anonymous_3)","decl":{"start":{"line":33,"column":20},"end":{"line":33,"column":21}},"loc":{"start":{"line":33,"column":26},"end":{"line":47,"column":3}},"line":33},"4":{"name":"(anonymous_4)","decl":{"start":{"line":50,"column":21},"end":{"line":50,"column":22}},"loc":{"start":{"line":50,"column":27},"end":{"line":62,"column":3}},"line":50},"5":{"name":"(anonymous_5)","decl":{"start":{"line":95,"column":19},"end":{"line":95,"column":20}},"loc":{"start":{"line":96,"column":10},"end":{"line":96,"column":47}},"line":96}},"branchMap":{"0":{"loc":{"start":{"line":20,"column":4},"end":{"line":24,"column":5}},"type":"if","locations":[{"start":{"line":20,"column":4},"end":{"line":24,"column":5}},{"start":{"line":20,"column":4},"end":{"line":24,"column":5}}],"line":20}},"s":{"0":1,"1":3,"2":3,"3":3,"4":3,"5":3,"6":3,"7":3,"8":0,"9":0,"10":0,"11":0,"12":3,"13":3,"14":0,"15":3,"16":0,"17":3,"18":0},"f":{"0":3,"1":0,"2":0,"3":0,"4":0,"5":0},"b":{"0":[0,0]},"_coverageSchema":"1a1c01bbd47fc00a2c39e90264f33305004495a9","hash":"33336ea58355780a7fb3ca9fe488c72f87f7899e"}
,"/Users/yash/Desktop/iot-main 6/client/src/components/ViewDevice/styles.js": {"path":"/Users/yash/Desktop/iot-main 6/client/src/components/ViewDevice/styles.js","statementMap":{"0":{"start":{"line":4,"column":38},"end":{"line":25,"column":1}}},"fnMap":{"0":{"name":"(anonymous_0)","decl":{"start":{"line":4,"column":26},"end":{"line":4,"column":27}},"loc":{"start":{"line":4,"column":38},"end":{"line":25,"column":1}},"line":4}},"branchMap":{},"s":{"0":0},"f":{"0":0},"b":{},"_coverageSchema":"1a1c01bbd47fc00a2c39e90264f33305004495a9","hash":"811cf689758f93c9fb3ce772f6ba876e56c7e1fe"}
,"/Users/yash/Desktop/iot-main 6/client/src/constants/actionTypes.js": {"path":"/Users/yash/Desktop/iot-main 6/client/src/constants/actionTypes.js","statementMap":{"0":{"start":{"line":1,"column":20},"end":{"line":1,"column":26}},"1":{"start":{"line":2,"column":30},"end":{"line":2,"column":46}},"2":{"start":{"line":3,"column":22},"end":{"line":3,"column":30}},"3":{"start":{"line":4,"column":27},"end":{"line":4,"column":40}},"4":{"start":{"line":6,"column":22},"end":{"line":6,"column":30}},"5":{"start":{"line":7,"column":25},"end":{"line":7,"column":36}},"6":{"start":{"line":8,"column":21},"end":{"line":8,"column":28}},"7":{"start":{"line":9,"column":32},"end":{"line":9,"column":50}},"8":{"start":{"line":10,"column":29},"end":{"line":10,"column":44}}},"fnMap":{},"branchMap":{},"s":{"0":2,"1":2,"2":2,"3":2,"4":2,"5":2,"6":2,"7":2,"8":2},"f":{},"b":{},"_coverageSchema":"1a1c01bbd47fc00a2c39e90264f33305004495a9","hash":"1a12f4b5c19d4b755d3ccf19a3bf0f8d3dba6f6a"}
,"/Users/yash/Desktop/iot-main 6/client/src/constants/adminEmail.js": {"path":"/Users/yash/Desktop/iot-main 6/client/src/constants/adminEmail.js","statementMap":{"0":{"start":{"line":2,"column":21},"end":{"line":2,"column":38}}},"fnMap":{},"branchMap":{},"s":{"0":1},"f":{},"b":{},"_coverageSchema":"1a1c01bbd47fc00a2c39e90264f33305004495a9","hash":"f62462d865c197f4bbe96a58d7958d6a336e987a"}
}
